# JRE version: OpenJDK Runtime Environment Temurin-17.0.6+10 (17.0.6+10) (build 17.0.6+10)
# Java VM: OpenJDK 64-Bit Server VM Temurin-17.0.6+10 (17.0.6+10, mixed mode, tiered, compressed oops, compressed class ptrs, g1 gc, windows-amd64)
GC Precious Log:
 CPUs: 4 total, 4 available
 Memory: 7975M
 Large Page Support: Disabled
 NUMA Support: Disabled
 Compressed Oops: Enabled (32-bit)
 Heap Region Size: 1M
 Heap Min Capacity: 8M
 Heap Initial Capacity: 126M
 Heap Max Capacity: 1994M
 Pre-touch: Disabled
 Parallel Workers: 4
 Concurrent Workers: 1
 Concurrent Refinement Workers: 4
 Periodic GC: Disabled
Heap:
 garbage-first heap   total 51200K, used 24081K [0x0000000083600000, 0x0000000100000000)
  region size 1024K, 16 young (16384K), 4 survivors (4096K)
 Metaspace       used 36643K, committed 36928K, reserved 1081344K
  class space    used 4574K, committed 4736K, reserved 1048576K
GC Heap History (20 events):
Event: 0.695 GC heap before
{Heap before GC invocations=1 (full 0):
 garbage-first heap   total 129024K, used 18783K [0x0000000083600000, 0x0000000100000000)
  region size 1024K, 14 young (14336K), 2 survivors (2048K)
 Metaspace       used 12855K, committed 12928K, reserved 1064960K
  class space    used 1184K, committed 1216K, reserved 1048576K
}
Event: 0.697 GC heap after
{Heap after GC invocations=2 (full 0):
 garbage-first heap   total 129024K, used 6777K [0x0000000083600000, 0x0000000100000000)
  region size 1024K, 1 young (1024K), 1 survivors (1024K)
 Metaspace       used 12855K, committed 12928K, reserved 1064960K
  class space    used 1184K, committed 1216K, reserved 1048576K
}
Event: 1.010 GC heap before
{Heap before GC invocations=2 (full 0):
 garbage-first heap   total 129024K, used 34425K [0x0000000083600000, 0x0000000100000000)
  region size 1024K, 28 young (28672K), 1 survivors (1024K)
 Metaspace       used 17133K, committed 17344K, reserved 1064960K
  class space    used 1757K, committed 1856K, reserved 1048576K
}
Event: 1.012 GC heap after
{Heap after GC invocations=3 (full 0):
 garbage-first heap   total 129024K, used 7954K [0x0000000083600000, 0x0000000100000000)
  region size 1024K, 2 young (2048K), 2 survivors (2048K)
 Metaspace       used 17133K, committed 17344K, reserved 1064960K
  class space    used 1757K, committed 1856K, reserved 1048576K
}
Event: 1.410 GC heap before
{Heap before GC invocations=3 (full 0):
 garbage-first heap   total 129024K, used 47890K [0x0000000083600000, 0x0000000100000000)
  region size 1024K, 42 young (43008K), 2 survivors (2048K)
 Metaspace       used 21334K, committed 21504K, reserved 1073152K
  class space    used 2321K, committed 2432K, reserved 1048576K
}
Event: 1.415 GC heap after
{Heap after GC invocations=4 (full 0):
 garbage-first heap   total 129024K, used 9075K [0x0000000083600000, 0x0000000100000000)
  region size 1024K, 3 young (3072K), 3 survivors (3072K)
 Metaspace       used 21334K, committed 21504K, reserved 1073152K
  class space    used 2321K, committed 2432K, reserved 1048576K
}
Event: 1.688 GC heap before
{Heap before GC invocations=5 (full 0):
 garbage-first heap   total 37888K, used 29555K [0x0000000083600000, 0x0000000100000000)
  region size 1024K, 24 young (24576K), 3 survivors (3072K)
 Metaspace       used 23420K, committed 23680K, reserved 1073152K
  class space    used 2609K, committed 2752K, reserved 1048576K
}
Event: 1.693 GC heap after
{Heap after GC invocations=6 (full 0):
 garbage-first heap   total 37888K, used 9835K [0x0000000083600000, 0x0000000100000000)
  region size 1024K, 4 young (4096K), 4 survivors (4096K)
 Metaspace       used 23420K, committed 23680K, reserved 1073152K
  class space    used 2609K, committed 2752K, reserved 1048576K
}
Event: 1.700 GC heap before
{Heap before GC invocations=6 (full 0):
 garbage-first heap   total 37888K, used 10859K [0x0000000083600000, 0x0000000100000000)
  region size 1024K, 5 young (5120K), 4 survivors (4096K)
 Metaspace       used 23502K, committed 23744K, reserved 1073152K
  class space    used 2619K, committed 2752K, reserved 1048576K
}
Event: 1.705 GC heap after
{Heap after GC invocations=7 (full 0):
 garbage-first heap   total 37888K, used 10118K [0x0000000083600000, 0x0000000100000000)
  region size 1024K, 1 young (1024K), 1 survivors (1024K)
 Metaspace       used 23502K, committed 23744K, reserved 1073152K
  class space    used 2619K, committed 2752K, reserved 1048576K
}
Event: 1.793 GC heap before
{Heap before GC invocations=7 (full 0):
 garbage-first heap   total 37888K, used 24454K [0x0000000083600000, 0x0000000100000000)
  region size 1024K, 16 young (16384K), 1 survivors (1024K)
 Metaspace       used 25014K, committed 25280K, reserved 1073152K
  class space    used 2771K, committed 2880K, reserved 1048576K
}
Event: 1.793 GC heap after
{Heap after GC invocations=8 (full 0):
 garbage-first heap   total 37888K, used 9972K [0x0000000083600000, 0x0000000100000000)
  region size 1024K, 1 young (1024K), 1 survivors (1024K)
 Metaspace       used 25014K, committed 25280K, reserved 1073152K
  class space    used 2771K, committed 2880K, reserved 1048576K
}
Event: 1.939 GC heap before
{Heap before GC invocations=8 (full 0):
 garbage-first heap   total 37888K, used 25332K [0x0000000083600000, 0x0000000100000000)
  region size 1024K, 17 young (17408K), 1 survivors (1024K)
 Metaspace       used 27003K, committed 27264K, reserved 1081344K
  class space    used 3008K, committed 3136K, reserved 1048576K
}
Event: 1.940 GC heap after
{Heap after GC invocations=9 (full 0):
 garbage-first heap   total 37888K, used 10773K [0x0000000083600000, 0x0000000100000000)
  region size 1024K, 2 young (2048K), 2 survivors (2048K)
 Metaspace       used 27003K, committed 27264K, reserved 1081344K
  class space    used 3008K, committed 3136K, reserved 1048576K
}
Event: 2.013 GC heap before
{Heap before GC invocations=9 (full 0):
 garbage-first heap   total 37888K, used 26133K [0x0000000083600000, 0x0000000100000000)
  region size 1024K, 18 young (18432K), 2 survivors (2048K)
 Metaspace       used 28650K, committed 28800K, reserved 1081344K
  class space    used 3204K, committed 3264K, reserved 1048576K
}
Event: 2.015 GC heap after
{Heap after GC invocations=10 (full 0):
 garbage-first heap   total 75776K, used 11071K [0x0000000083600000, 0x0000000100000000)
  region size 1024K, 2 young (2048K), 2 survivors (2048K)
 Metaspace       used 28650K, committed 28800K, reserved 1081344K
  class space    used 3204K, committed 3264K, reserved 1048576K
}
Event: 2.471 GC heap before
{Heap before GC invocations=10 (full 0):
 garbage-first heap   total 75776K, used 54079K [0x0000000083600000, 0x0000000100000000)
  region size 1024K, 44 young (45056K), 2 survivors (2048K)
 Metaspace       used 32711K, committed 32960K, reserved 1081344K
  class space    used 3854K, committed 3968K, reserved 1048576K
}
Event: 2.475 GC heap after
{Heap after GC invocations=11 (full 0):
 garbage-first heap   total 75776K, used 11939K [0x0000000083600000, 0x0000000100000000)
  region size 1024K, 3 young (3072K), 3 survivors (3072K)
 Metaspace       used 32711K, committed 32960K, reserved 1081344K
  class space    used 3854K, committed 3968K, reserved 1048576K
}
Event: 2.823 GC heap before
{Heap before GC invocations=11 (full 0):
 garbage-first heap   total 75776K, used 47779K [0x0000000083600000, 0x0000000100000000)
  region size 1024K, 40 young (40960K), 3 survivors (3072K)
 Metaspace       used 35725K, committed 35968K, reserved 1081344K
  class space    used 4398K, committed 4544K, reserved 1048576K
}
Event: 2.827 GC heap after
{Heap after GC invocations=12 (full 0):
 garbage-first heap   total 75776K, used 12817K [0x0000000083600000, 0x0000000100000000)
  region size 1024K, 4 young (4096K), 4 survivors (4096K)
 Metaspace       used 35725K, committed 35968K, reserved 1081344K
  class space    used 4398K, committed 4544K, reserved 1048576K
}

